<?xml version="1.0" encoding="UTF-8"?>
<!-- Generated by org.testng.reporters.JUnitXMLReporter -->
<testsuite ignored="0" hostname="DESKTOP-2JF740A" failures="0" tests="6" name="MyTestProject" time="36.563" errors="0" timestamp="2025-04-16T01:39:52 IST">
  <testcase classname="runner.UITestRunnerTestNG" name="runScenario" time="32.201"/>
  <testcase classname="runner.UITestRunnerTestNG" name="runScenario" time="32.324"/>
  <testcase classname="runner.UITestRunnerTestNG" name="runScenario" time="32.368"/>
  <testcase classname="runner.UITestRunnerTestNG" name="runScenario" time="32.307"/>
  <testcase classname="runner.UITestRunnerTestNG" name="runScenario" time="32.436"/>
  <testcase classname="runner.UITestRunnerTestNG" name="runScenario" time="33.658"/>
</testsuite> <!-- MyTestProject -->
