<?xml version="1.0" encoding="UTF-8"?>
<!-- Generated by org.testng.reporters.JUnitXMLReporter -->
<testsuite ignored="0" hostname="DESKTOP-2JF740A" failures="0" tests="6" name="MyTestProject" time="40.382" errors="0" timestamp="2025-04-16T02:13:59 IST">
  <testcase classname="runner.UITestRunnerTestNG" name="runScenario" time="35.904"/>
  <testcase classname="runner.UITestRunnerTestNG" name="runScenario" time="36.207"/>
  <testcase classname="runner.UITestRunnerTestNG" name="runScenario" time="36.373"/>
  <testcase classname="runner.UITestRunnerTestNG" name="runScenario" time="36.603"/>
  <testcase classname="runner.UITestRunnerTestNG" name="runScenario" time="36.756"/>
  <testcase classname="runner.UITestRunnerTestNG" name="runScenario" time="36.78"/>
</testsuite> <!-- MyTestProject -->
